2024-12-09 10:32:30,864 build-e6b60098-30a3-4311-8437-a1a026165f10 INFO     CONTAINER_REQUEST_COUNT: 0
2024-12-09 10:32:30,864 build-e6b60098-30a3-4311-8437-a1a026165f10 INFO     Fetching me assessment
2024-12-09 10:32:30,864 build-e6b60098-30a3-4311-8437-a1a026165f10 INFO     ME Assessment fetched - {'meId': 'ME_PE_2023_2', 'stages': [<BuildStageType.BUILD_STAGE_TYPE_SETUP: 'setup'>, <BuildStageType.BUILD_STAGE_TYPE_COMPILATION: 'compilation'>, <BuildStageType.BUILD_STAGE_TYPE_UNIT_TESTING: 'unitTesting'>], 'assessmentEndpoint': 'https://me-pe-2023-2-prod-nnjjst7g5q-uc.a.run.app/', 'fargateTaskDefinition': None, 'meFolder': 'me_ps_ds', 'runInIsolation': False}
2024-12-09 10:32:30,865 build-e6b60098-30a3-4311-8437-a1a026165f10 INFO     Starting assessment
2024-12-09 10:32:31,380 build-e6b60098-30a3-4311-8437-a1a026165f10 INFO     Running assessment stage setup
2024-12-09 10:32:31,381 build-e6b60098-30a3-4311-8437-a1a026165f10 INFO     {'buildId': 'e6b60098-30a3-4311-8437-a1a026165f10', 'userId': 'saquibshaikh9889', 'cohortId': 'COHORT_ME_PE_2023_2_ENROLL_1697176541217', 'meId': 'ME_PE_2023_2', 'moduleId': 'ME_PE_2023_2_MODULE_MAXPRODUCT', 'buildType': 'BUILD_TYPE_SUBMIT', 'assessmentType': 'ASSESSMENT_TYPE_TIMED', 'questionId': 'QUESTION_MaxProduct', 'psDsContext': {'codeId': 93497207, 'inputs': [], 'codeData': {'code': 'import java.util.*;\n\nclass MaxProduct {\n    public static void main(String args[]) {\n        Scanner sc = new Scanner(System.in);\n\n        int n = sc.nextInt();\n\n        int arr[] = new int[n];\n        for (int i = 0; i < n; i++)\n            arr[i] = sc.nextInt();\n\n        long res = maxProduct(n, arr);\n\n        System.out.println(res);\n\n    }\n\n    static long maxProduct(int n, int arr[]) {\n        Arrays.sort(arr);\n        long product1 =  arr[arr.length - 1] * arr[arr.length - 2] * arr[arr.length - 3] * arr[arr.length - 4];\n        long product2 = arr[0] * arr[1] * arr[arr.length - 2] * arr[arr.length - 1];\n        return Math.max(product1, product2);\n\n    }\n}\n\n/* \nCrio Methodology\n\nMilestone 1: Understand the problem clearly\n1. Ask questions & clarify the problem statement clearly.\n2. Take an example or two to confirm your understanding of the input/output\n\nMilestone 2: Finalize approach & execution plan\n1. Understand what type of problem you are solving and see if you can recollect solving similar problems in the past\n      a. Obvious logic (this would only test ability to convert logic to code)\n      b. Figuring out logic\n      c. Knowledge of specific algorithm, data structure or pattern\n      d. Knowledge of specific domain or concepts\n      e. Mapping real world into abstract concepts/data structures\n2. Brainstorm multiple ways to solve the problem and pick one based on the TC/SC requirements\n3. Get to a point where you can explain your approach to a 10 year old\n\nMilestone 3 : Come up with an Instruction Manual for a 10 year old\n1. Take a stab at the high-level logic & write it down like a detailed Instruction Manual for a 10 Year old where each line of the manual can be expanded into a logical line(s) of code.\n2. Try to offload logic out of the main section as much as possible by delegating to functions.\n\nMilestone 4: Code by expanding your 10 Year Olds "Instruction Manual\n1. Run your code snippets at every logical step to test correctness (Helps avoid debugging larger pieces of code later)\n2. Make sure you name the variables, functions clearly.\n3. Use libraries as much as possible\n\nMilestone 5: Prove that your code works using custom test cases\n1. Make sure you check boundary conditions and other test cases you noted in Milestone 1\n      a. If compiler is not available, dry run your code on a whiteboard or paper\n2. Suggest optimizations if applicable during interviews\n*/', 'languageType': 'LANGUAGE_TYPE_JAVA'}}, 'timestampInMs': 1733740350611, 'meAssessment': {'meId': 'ME_PE_2023_2', 'stages': [<BuildStageType.BUILD_STAGE_TYPE_SETUP: 'setup'>, <BuildStageType.BUILD_STAGE_TYPE_COMPILATION: 'compilation'>, <BuildStageType.BUILD_STAGE_TYPE_UNIT_TESTING: 'unitTesting'>], 'assessmentEndpoint': 'https://me-pe-2023-2-prod-nnjjst7g5q-uc.a.run.app/', 'fargateTaskDefinition': None, 'meFolder': 'me_ps_ds', 'runInIsolation': False}, 'workingDir': '//saquibshaikh9889-ME_PE_2023_2-e6b60098-30a3-4311-8437-a1a026165f10'}
2024-12-09 10:32:31,381 build-e6b60098-30a3-4311-8437-a1a026165f10 INFO     Getting user data...
2024-12-09 10:32:31,381 build-e6b60098-30a3-4311-8437-a1a026165f10 INFO     
Received user data in 2.8848648071289062e-05 seconds

2024-12-09 10:32:31,382 build-e6b60098-30a3-4311-8437-a1a026165f10 INFO     Getting crio data...
2024-12-09 10:32:31,448 build-e6b60098-30a3-4311-8437-a1a026165f10 INFO     
Received and unzipped crio data in 0.06586647033691406 seconds

2024-12-09 10:32:31,448 build-e6b60098-30a3-4311-8437-a1a026165f10 INFO     get_solution_file_name: Received solution directory //saquibshaikh9889-ME_PE_2023_2-e6b60098-30a3-4311-8437-a1a026165f10/solution and user file MaxProduct.java
2024-12-09 10:32:31,448 build-e6b60098-30a3-4311-8437-a1a026165f10 INFO     get_solution_file_name: All solution files list: ['MaxProduct.py', 'MaxProduct.java', 'MaxProduct.js', 'MaxProduct.cpp']
2024-12-09 10:32:31,448 build-e6b60098-30a3-4311-8437-a1a026165f10 INFO     get_solution_file_name: Found a solution file matching with user's file
2024-12-09 10:32:31,449 build-e6b60098-30a3-4311-8437-a1a026165f10 INFO     get_solution_file_name: Selected solution file is MaxProduct.java
2024-12-09 10:32:31,449 build-e6b60098-30a3-4311-8437-a1a026165f10 INFO     
Setup stage completed in 0.06792140007019043 seconds.

2024-12-09 10:32:31,449 build-e6b60098-30a3-4311-8437-a1a026165f10 INFO     BuildStageType.BUILD_STAGE_TYPE_SETUP stage complete. Report: {'testsDir': '//saquibshaikh9889-ME_PE_2023_2-e6b60098-30a3-4311-8437-a1a026165f10/tests', 'userDir': '//saquibshaikh9889-ME_PE_2023_2-e6b60098-30a3-4311-8437-a1a026165f10/user', 'solutionDir': '//saquibshaikh9889-ME_PE_2023_2-e6b60098-30a3-4311-8437-a1a026165f10/solution', 'moduleName': 'MaxProduct', 'language': 'java', 'solutionLanguage': 'java'}
2024-12-09 10:32:31,991 build-e6b60098-30a3-4311-8437-a1a026165f10 INFO     Running assessment stage compilation
2024-12-09 10:32:31,992 build-e6b60098-30a3-4311-8437-a1a026165f10 INFO     User code compilation started
2024-12-09 10:32:31,992 build-e6b60098-30a3-4311-8437-a1a026165f10 INFO     Compiling code...
2024-12-09 10:32:32,975 build-e6b60098-30a3-4311-8437-a1a026165f10 INFO     Compilation complete!
2024-12-09 10:32:32,976 build-e6b60098-30a3-4311-8437-a1a026165f10 INFO     Compilation finished in 0.9797875881195068 seconds
2024-12-09 10:32:32,976 build-e6b60098-30a3-4311-8437-a1a026165f10 INFO     
Compilation stage completed in 0.9842495918273926 seconds.

2024-12-09 10:32:32,976 build-e6b60098-30a3-4311-8437-a1a026165f10 INFO     BuildStageType.BUILD_STAGE_TYPE_COMPILATION stage complete. Report: {'compilationStatus': 'success'}
2024-12-09 10:32:33,540 build-e6b60098-30a3-4311-8437-a1a026165f10 INFO     Running assessment stage unitTesting
2024-12-09 10:32:33,542 build-e6b60098-30a3-4311-8437-a1a026165f10 INFO     List of tests: [['sample-input-1.txt', 'sample-output-1.txt'], ['base-input-1.txt', 'base-input-2.txt', 'base-input-3.txt', 'base-input-4.txt', 'base-input-5.txt', 'base-input-6.txt', 'base-input-7.txt', 'base-output-1.txt', 'base-output-2.txt', 'base-output-3.txt', 'base-output-4.txt', 'base-output-5.txt', 'base-output-6.txt', 'base-output-7.txt'], ['edge-input-1.txt', 'edge-input-2.txt', 'edge-input-3.txt', 'edge-output-1.txt', 'edge-output-2.txt', 'edge-output-3.txt'], ['perf-input-1.txt', 'perf-input-10.txt', 'perf-input-2.txt', 'perf-input-3.txt', 'perf-input-4.txt', 'perf-input-5.txt', 'perf-input-6.txt', 'perf-input-7.txt', 'perf-input-8.txt', 'perf-input-9.txt', 'perf-output-1.txt', 'perf-output-10.txt', 'perf-output-2.txt', 'perf-output-3.txt', 'perf-output-4.txt', 'perf-output-5.txt', 'perf-output-6.txt', 'perf-output-7.txt', 'perf-output-8.txt', 'perf-output-9.txt']]
2024-12-09 10:32:33,542 build-e6b60098-30a3-4311-8437-a1a026165f10 INFO     Running tests...
2024-12-09 10:32:33,965 build-e6b60098-30a3-4311-8437-a1a026165f10 INFO     

Time taken for the user code : 0.41744279861450195 seconds
2024-12-09 10:32:33,977 build-e6b60098-30a3-4311-8437-a1a026165f10 INFO     sample-input-1.txt : SUCCESS
2024-12-09 10:32:34,044 build-e6b60098-30a3-4311-8437-a1a026165f10 INFO     

Time taken for the user code : 0.43269968032836914 seconds
2024-12-09 10:32:34,186 build-e6b60098-30a3-4311-8437-a1a026165f10 INFO     

Time taken for the user code : 0.5136253833770752 seconds
2024-12-09 10:32:34,189 build-e6b60098-30a3-4311-8437-a1a026165f10 INFO     base-input-1.txt : FAILURE
2024-12-09 10:32:34,308 build-e6b60098-30a3-4311-8437-a1a026165f10 INFO     base-input-2.txt : FAILURE
2024-12-09 10:32:34,538 build-e6b60098-30a3-4311-8437-a1a026165f10 INFO     

Time taken for the user code : 0.5783088207244873 seconds
2024-12-09 10:32:34,534 build-e6b60098-30a3-4311-8437-a1a026165f10 INFO     

Time taken for the user code : 0.550774097442627 seconds
2024-12-09 10:32:34,302 build-e6b60098-30a3-4311-8437-a1a026165f10 INFO     

Time taken for the user code : 0.564077615737915 seconds
2024-12-09 10:32:34,724 build-e6b60098-30a3-4311-8437-a1a026165f10 INFO     

Time taken for the user code : 0.5319304466247559 seconds
2024-12-09 10:32:34,730 build-e6b60098-30a3-4311-8437-a1a026165f10 INFO     base-input-5.txt : FAILURE
2024-12-09 10:32:34,731 build-e6b60098-30a3-4311-8437-a1a026165f10 INFO     base-input-3.txt : FAILURE
2024-12-09 10:32:34,733 build-e6b60098-30a3-4311-8437-a1a026165f10 INFO     

Time taken for the user code : 0.6530663967132568 seconds
2024-12-09 10:32:34,738 build-e6b60098-30a3-4311-8437-a1a026165f10 INFO     base-input-4.txt : FAILURE
2024-12-09 10:32:34,741 build-e6b60098-30a3-4311-8437-a1a026165f10 INFO     base-input-6.txt : FAILURE
2024-12-09 10:32:34,743 build-e6b60098-30a3-4311-8437-a1a026165f10 INFO     base-input-7.txt : FAILURE
2024-12-09 10:32:34,818 build-e6b60098-30a3-4311-8437-a1a026165f10 INFO     

Time taken for the user code : 0.4859504699707031 seconds
2024-12-09 10:32:34,819 build-e6b60098-30a3-4311-8437-a1a026165f10 INFO     edge-input-1.txt : FAILURE
2024-12-09 10:32:34,850 build-e6b60098-30a3-4311-8437-a1a026165f10 INFO     

Time taken for the user code : 0.42523741722106934 seconds
2024-12-09 10:32:34,851 build-e6b60098-30a3-4311-8437-a1a026165f10 INFO     edge-input-2.txt : SUCCESS
2024-12-09 10:32:34,915 build-e6b60098-30a3-4311-8437-a1a026165f10 INFO     

Time taken for the user code : 0.3609158992767334 seconds
2024-12-09 10:32:34,916 build-e6b60098-30a3-4311-8437-a1a026165f10 INFO     edge-input-3.txt : SUCCESS
2024-12-09 10:32:36,484 build-e6b60098-30a3-4311-8437-a1a026165f10 INFO     

Time taken for the user code : 1.562183141708374 seconds
2024-12-09 10:32:36,494 build-e6b60098-30a3-4311-8437-a1a026165f10 INFO     perf-input-1.txt : FAILURE
2024-12-09 10:32:36,874 build-e6b60098-30a3-4311-8437-a1a026165f10 INFO     

Time taken for the user code : 1.8915448188781738 seconds
2024-12-09 10:32:36,878 build-e6b60098-30a3-4311-8437-a1a026165f10 INFO     perf-input-10.txt : FAILURE
2024-12-09 10:32:37,187 build-e6b60098-30a3-4311-8437-a1a026165f10 INFO     

Time taken for the user code : 2.1268117427825928 seconds
2024-12-09 10:32:37,204 build-e6b60098-30a3-4311-8437-a1a026165f10 INFO     perf-input-2.txt : FAILURE
2024-12-09 10:32:37,489 build-e6b60098-30a3-4311-8437-a1a026165f10 INFO     

Time taken for the user code : 2.3785057067871094 seconds
2024-12-09 10:32:37,490 build-e6b60098-30a3-4311-8437-a1a026165f10 INFO     perf-input-3.txt : FAILURE
2024-12-09 10:32:38,209 build-e6b60098-30a3-4311-8437-a1a026165f10 INFO     

Time taken for the user code : 2.946336030960083 seconds
2024-12-09 10:32:38,213 build-e6b60098-30a3-4311-8437-a1a026165f10 INFO     perf-input-4.txt : FAILURE
2024-12-09 10:32:38,215 build-e6b60098-30a3-4311-8437-a1a026165f10 INFO     

Time taken for the user code : 3.011702537536621 seconds
2024-12-09 10:32:38,273 build-e6b60098-30a3-4311-8437-a1a026165f10 INFO     perf-input-5.txt : FAILURE
2024-12-09 10:32:38,578 build-e6b60098-30a3-4311-8437-a1a026165f10 INFO     

Time taken for the user code : 3.0767629146575928 seconds
2024-12-09 10:32:38,579 build-e6b60098-30a3-4311-8437-a1a026165f10 INFO     perf-input-6.txt : FAILURE
2024-12-09 10:32:38,741 build-e6b60098-30a3-4311-8437-a1a026165f10 INFO     

Time taken for the user code : 2.9641218185424805 seconds
2024-12-09 10:32:38,743 build-e6b60098-30a3-4311-8437-a1a026165f10 INFO     perf-input-7.txt : FAILURE
2024-12-09 10:32:38,785 build-e6b60098-30a3-4311-8437-a1a026165f10 INFO     

Time taken for the user code : 2.287933826446533 seconds
2024-12-09 10:32:38,786 build-e6b60098-30a3-4311-8437-a1a026165f10 INFO     perf-input-8.txt : FAILURE
2024-12-09 10:32:38,918 build-e6b60098-30a3-4311-8437-a1a026165f10 INFO     

Time taken for the user code : 2.0371882915496826 seconds
2024-12-09 10:32:38,919 build-e6b60098-30a3-4311-8437-a1a026165f10 INFO     perf-input-9.txt : FAILURE
2024-12-09 10:32:38,924 build-e6b60098-30a3-4311-8437-a1a026165f10 INFO     

Total time taken for all tests case: 0 seconds.
2024-12-09 10:32:38,924 build-e6b60098-30a3-4311-8437-a1a026165f10 INFO     
Average time taken for 1 test case: 0.0 seconds.
2024-12-09 10:32:38,924 build-e6b60098-30a3-4311-8437-a1a026165f10 INFO     
Unittesting stage completed in 5.382977485656738 seconds.

2024-12-09 10:32:38,928 build-e6b60098-30a3-4311-8437-a1a026165f10 INFO     BuildStageType.BUILD_STAGE_TYPE_UNIT_TESTING stage complete. Report: {'sample-test-1': 'TEST_STATUS_SUCCESS', 'base-test-1': 'TEST_STATUS_FAILURE', 'base-test-2': 'TEST_STATUS_FAILURE', 'base-test-5': 'TEST_STATUS_FAILURE', 'base-test-3': 'TEST_STATUS_FAILURE', 'base-test-4': 'TEST_STATUS_FAILURE', 'base-test-6': 'TEST_STATUS_FAILURE', 'base-test-7': 'TEST_STATUS_FAILURE', 'edge-test-1': 'TEST_STATUS_FAILURE', 'edge-test-2': 'TEST_STATUS_SUCCESS', 'edge-test-3': 'TEST_STATUS_SUCCESS', 'perf-test-1': 'TEST_STATUS_FAILURE', 'perf-test-10': 'TEST_STATUS_FAILURE', 'perf-test-2': 'TEST_STATUS_FAILURE', 'perf-test-3': 'TEST_STATUS_FAILURE', 'perf-test-4': 'TEST_STATUS_FAILURE', 'perf-test-5': 'TEST_STATUS_FAILURE', 'perf-test-6': 'TEST_STATUS_FAILURE', 'perf-test-7': 'TEST_STATUS_FAILURE', 'perf-test-8': 'TEST_STATUS_FAILURE', 'perf-test-9': 'TEST_STATUS_FAILURE'}
2024-12-09 10:32:38,962 build-e6b60098-30a3-4311-8437-a1a026165f10 INFO     Found bucket assessment-build-logs-prod
2024-12-09 10:32:39,244 build-e6b60098-30a3-4311-8437-a1a026165f10 INFO     
Files from stages uploaded in 0.2822558879852295 seconds

2024-12-09 10:32:39,245 build-e6b60098-30a3-4311-8437-a1a026165f10 INFO     Build Report formed:
2024-12-09 10:32:39,245 build-e6b60098-30a3-4311-8437-a1a026165f10 INFO     {
    "buildId": "e6b60098-30a3-4311-8437-a1a026165f10",
    "userId": "saquibshaikh9889",
    "meId": "ME_PE_2023_2",
    "cohortId": "COHORT_ME_PE_2023_2_ENROLL_1697176541217",
    "buildType": "BUILD_TYPE_SUBMIT",
    "questionId": "QUESTION_MaxProduct",
    "stages": [
        {
            "type": "BUILD_STAGE_TYPE_SETUP",
            "status": "BUILD_STAGE_STATUS_SUCCESS",
            "feedback": null,
            "report": {
                "testsDir": "//saquibshaikh9889-ME_PE_2023_2-e6b60098-30a3-4311-8437-a1a026165f10/tests",
                "userDir": "//saquibshaikh9889-ME_PE_2023_2-e6b60098-30a3-4311-8437-a1a026165f10/user",
                "solutionDir": "//saquibshaikh9889-ME_PE_2023_2-e6b60098-30a3-4311-8437-a1a026165f10/solution",
                "moduleName": "MaxProduct",
                "language": "java",
                "solutionLanguage": "java"
            },
            "logPath": "https://storage.googleapis.com/assessment-build-logs-prod/saquibshaikh9889-ME_PE_2023_2/build-e6b60098-30a3-4311-8437-a1a026165f10/setup.log?Expires=1765276359&GoogleAccessId=storage-service%40crio-prod.iam.gserviceaccount.com&Signature=JBc5hp80cYCBttItnX%2BT4vghKi4HcLxVQVLK0xzmmUOyre80IiQqwZnU09PkFm%2BbNlSBvipNX7yfIoJh%2FnKvKDh36RX07YCbdSiqz2OlF9hQNw36ioODxnmMizl9flvN4kTcs%2B90E2OoiLad3k0uB3Ve8YC%2BXqgUbDiQ6tq3RX4oqQ0eDXsqDH8cCt1q%2BHiK5%2B%2BueZwlidno81zTorhvpPKG1JZFfEvEDEU2MltGU7qlhLoIa4Q3h6%2FrEh8Hxa1Gc7XOJ%2BQMX0Jiq1JnwWRyyYFn3e%2BlSe%2BzniMTWO0M0hQTbSAlspOOLk7kHK3N6BUuPTPR7JhbbAC7FTVJ7L0FPw%3D%3D"
        },
        {
            "type": "BUILD_STAGE_TYPE_COMPILATION",
            "status": "BUILD_STAGE_STATUS_SUCCESS",
            "feedback": null,
            "report": {
                "compilationStatus": "success"
            },
            "logPath": "https://storage.googleapis.com/assessment-build-logs-prod/saquibshaikh9889-ME_PE_2023_2/build-e6b60098-30a3-4311-8437-a1a026165f10/compilation.log?Expires=1765276359&GoogleAccessId=storage-service%40crio-prod.iam.gserviceaccount.com&Signature=t09z%2BBscVeaOZkPHs2wyr5z%2Bkq6yGQnBx7%2BUW7%2FLOfiaFAILfpzg2uuaF5FjJl%2BVna%2FDEe3ItdmsmjtP1ZcsJfqLf5ngZ%2BMng6%2FPq7WYimXsQl6WK3yIMjckfMc%2Fz%2BbzdszCsuiE6rAoQQFpE2uBCCYG9EI%2B64O1LAqFlKH6Mi16Ke23NFaoC%2Fz67%2BHxD92JT7Wk6bktV97oluucW3os59guw7iVfyqtCiqKmMC2UWfMG8lPyDeaaaes7OWO9u%2By6aRpo8C%2BQXrT9G5Ve86m%2FB1f%2BFkqx0cyjlChm52eI1CGF9Am9HmN7kp4aMBpwN%2BGVrtE9007q6NtEBhvrGcsrw%3D%3D"
        },
        {
            "type": "BUILD_STAGE_TYPE_UNIT_TESTING",
            "status": "BUILD_STAGE_STATUS_SUCCESS",
            "feedback": null,
            "report": {
                "sample-test-1": "TEST_STATUS_SUCCESS",
                "base-test-1": "TEST_STATUS_FAILURE",
                "base-test-2": "TEST_STATUS_FAILURE",
                "base-test-5": "TEST_STATUS_FAILURE",
                "base-test-3": "TEST_STATUS_FAILURE",
                "base-test-4": "TEST_STATUS_FAILURE",
                "base-test-6": "TEST_STATUS_FAILURE",
                "base-test-7": "TEST_STATUS_FAILURE",
                "edge-test-1": "TEST_STATUS_FAILURE",
                "edge-test-2": "TEST_STATUS_SUCCESS",
                "edge-test-3": "TEST_STATUS_SUCCESS",
                "perf-test-1": "TEST_STATUS_FAILURE",
                "perf-test-10": "TEST_STATUS_FAILURE",
                "perf-test-2": "TEST_STATUS_FAILURE",
                "perf-test-3": "TEST_STATUS_FAILURE",
                "perf-test-4": "TEST_STATUS_FAILURE",
                "perf-test-5": "TEST_STATUS_FAILURE",
                "perf-test-6": "TEST_STATUS_FAILURE",
                "perf-test-7": "TEST_STATUS_FAILURE",
                "perf-test-8": "TEST_STATUS_FAILURE",
                "perf-test-9": "TEST_STATUS_FAILURE"
            },
            "logPath": "https://storage.googleapis.com/assessment-build-logs-prod/saquibshaikh9889-ME_PE_2023_2/build-e6b60098-30a3-4311-8437-a1a026165f10/unitTesting.log?Expires=1765276359&GoogleAccessId=storage-service%40crio-prod.iam.gserviceaccount.com&Signature=Gfyx1gT9K0HYlhCW8NHH%2FeShQhRNmlkD9TVz7k%2BcAIFRPQandSdM3dHQ3rOPLHLFTB1MHyLCQ%2BqNovqCLpAHOAsZBXFrK5e83lB1u9x7uDlyzVoj2Uw1JdrxVf881rRu2DwUn7dYIOIJJyDjOjswyT9TD6RvNsd1kQ%2F%2B9jdTozAbm00BSfsUPqb0IIQ9CRJEHq3rzi5hWahjb%2BBK7iE2GdzZNMDHqMl%2BfHh0YGu9%2BJOrMhWlzp47TrK3Ltth0EKcuLb7nb8ZKvgQHxynkOop%2BQFDbOFMZ%2BB87FKboTEHSZagzWAgz4C0pVV6%2BNngmBkn8yWQXVfZyw69fxW1NPtxlA%3D%3D"
        }
    ],
    "codeId": 93497207,
    "buildStatus": "BUILD_STATUS_SUCCESS",
    "moduleId": "ME_PE_2023_2_MODULE_MAXPRODUCT",
    "buildDurationInMs": 8380,
    "timestampInMs": 1733740359245
}
